This is pdfTeXk, Version 3.1415926-1.40.9 (Web2C 7.5.7) (format=pdflatex 2008.11.21)  3 MAY 2009 15:31
entering extended mode
\write18 enabled.
 %&-line parsing enabled.
**documentation.tex
(./documentation.tex
LaTeX2e <2005/12/01>
Babel <v3.8l> and hyphenation patterns for english, usenglishmax, dumylang, noh
yphenation, german-x-2008-06-18, ngerman-x-2008-06-18, ancientgreek, ibycus, ar
abic, basque, bulgarian, catalan, pinyin, coptic, croatian, czech, danish, dutc
h, esperanto, estonian, farsi, finnish, french, galician, german, ngerman, mono
greek, greek, hungarian, icelandic, indonesian, interlingua, irish, italian, la
tin, mongolian, mongolian2a, bokmal, nynorsk, polish, portuguese, romanian, rus
sian, sanskrit, serbian, slovak, slovenian, spanish, swedish, turkish, ukenglis
h, ukrainian, uppersorbian, welsh, loaded.
(/usr/local/texlive/2008/texmf-dist/tex/latex/paper/paper.cls
Document Class: paper 2008/05/30 1.0l LaTeX document class (wm).
\hours=\count79
\minutes=\count80
(/usr/local/texlive/2008/texmf-dist/tex/latex/base/size12.clo
File: size12.clo 2005/09/16 v1.4f Standard LaTeX file (size option)
)
\beforetitlespace=\skip41
\c@part=\count81
\c@section=\count82
\c@subsection=\count83
\c@subsubsection=\count84
\c@paragraph=\count85
\c@subparagraph=\count86
\exampleindent=\skip42
\c@figure=\count87
\c@table=\count88
\abovecaptionskip=\skip43
\belowcaptionskip=\skip44
\bibindent=\dimen102
)
(/usr/local/texlive/2008/texmf-dist/tex/latex/geometry/geometry.sty
Package: geometry 2002/07/08 v3.2 Page Geometry

(/usr/local/texlive/2008/texmf-dist/tex/latex/graphics/keyval.sty
Package: keyval 1999/03/16 v1.13 key=value parser (DPC)
\KV@toks@=\toks14
)
\Gm@cnth=\count89
\Gm@cntv=\count90
\c@Gm@tempcnt=\count91
\Gm@bindingoffset=\dimen103
\Gm@wd@mp=\dimen104
\Gm@odd@mp=\dimen105
\Gm@even@mp=\dimen106
\Gm@dimlist=\toks15

(/usr/local/texlive/2008/texmf-dist/tex/xelatex/xetexconfig/geometry.cfg))
(/usr/local/texlive/2008/texmf-dist/tex/generic/babel/babel.sty
Package: babel 2008/07/06 v3.8l The Babel package

(/usr/local/texlive/2008/texmf-dist/tex/generic/babel/germanb.ldf
Language: germanb 2008/06/01 v2.6m German support from the babel system

(/usr/local/texlive/2008/texmf-dist/tex/generic/babel/babel.def
File: babel.def 2008/07/06 v3.8l Babel common definitions
\babel@savecnt=\count92
\U@D=\dimen107
)
\l@austrian = a dialect from \language\l@german 
Package babel Info: Making " an active character on input line 102.
)
(/usr/local/texlive/2008/texmf-dist/tex/generic/babel/english.ldf
Language: english 2005/03/30 v3.3o English support from the babel system
\l@canadian = a dialect from \language\l@american 
\l@australian = a dialect from \language\l@british 
\l@newzealand = a dialect from \language\l@british 
))
(/usr/local/texlive/2008/texmf-dist/tex/latex/base/inputenc.sty
Package: inputenc 2006/05/05 v1.1b Input encoding file
\inpenc@prehook=\toks16
\inpenc@posthook=\toks17

(/usr/local/texlive/2008/texmf-dist/tex/latex/base/latin1.def
File: latin1.def 2006/05/05 v1.1b Input encoding file
))
(/usr/local/texlive/2008/texmf-dist/tex/latex/graphics/color.sty
Package: color 2005/11/14 v1.0j Standard LaTeX Color (DPC)

(/usr/local/texlive/2008/texmf/tex/latex/config/color.cfg
File: color.cfg 2007/01/18 v1.5 color configuration of teTeX/TeXLive
)
Package color Info: Driver file: pdftex.def on input line 130.

(/usr/local/texlive/2008/texmf-dist/tex/latex/pdftex-def/pdftex.def
File: pdftex.def 2008/07/16 v0.04k Graphics/color for pdfTeX
\Gread@gobject=\count93
))
(/usr/local/texlive/2008/texmf-dist/tex/latex/amsmath/amsmath.sty
Package: amsmath 2000/07/18 v2.13 AMS math features
\@mathmargin=\skip45

For additional information on amsmath, use the `?' option.
(/usr/local/texlive/2008/texmf-dist/tex/latex/amsmath/amstext.sty
Package: amstext 2000/06/29 v2.01

(/usr/local/texlive/2008/texmf-dist/tex/latex/amsmath/amsgen.sty
File: amsgen.sty 1999/11/30 v2.0
\@emptytoks=\toks18
\ex@=\dimen108
))
(/usr/local/texlive/2008/texmf-dist/tex/latex/amsmath/amsbsy.sty
Package: amsbsy 1999/11/29 v1.2d
\pmbraise@=\dimen109
)
(/usr/local/texlive/2008/texmf-dist/tex/latex/amsmath/amsopn.sty
Package: amsopn 1999/12/14 v2.01 operator names
)
\inf@bad=\count94
LaTeX Info: Redefining \frac on input line 211.
\uproot@=\count95
\leftroot@=\count96
LaTeX Info: Redefining \overline on input line 307.
\classnum@=\count97
\DOTSCASE@=\count98
LaTeX Info: Redefining \ldots on input line 379.
LaTeX Info: Redefining \dots on input line 382.
LaTeX Info: Redefining \cdots on input line 467.
\Mathstrutbox@=\box26
\strutbox@=\box27
\big@size=\dimen110
LaTeX Font Info:    Redeclaring font encoding OML on input line 567.
LaTeX Font Info:    Redeclaring font encoding OMS on input line 568.
\macc@depth=\count99
\c@MaxMatrixCols=\count100
\dotsspace@=\muskip10
\c@parentequation=\count101
\dspbrk@lvl=\count102
\tag@help=\toks19
\row@=\count103
\column@=\count104
\maxfields@=\count105
\andhelp@=\toks20
\eqnshift@=\dimen111
\alignsep@=\dimen112
\tagshift@=\dimen113
\tagwidth@=\dimen114
\totwidth@=\dimen115
\lineht@=\dimen116
\@envbody=\toks21
\multlinegap=\skip46
\multlinetaggap=\skip47
\mathdisplay@stack=\toks22
LaTeX Info: Redefining \[ on input line 2666.
LaTeX Info: Redefining \] on input line 2667.
)
(/usr/local/texlive/2008/texmf-dist/tex/latex/amscls/upref.sty
Package: upref 2004/07/29 v2.01
)
(/usr/local/texlive/2008/texmf-dist/tex/latex/tools/theorem.sty
Package: theorem 1995/11/23 v2.2c Theorem extension package (FMi)
\theorem@style=\toks23
\theorem@bodyfont=\toks24
\theorempreskipamount=\skip48
\theorempostskipamount=\skip49

(/usr/local/texlive/2008/texmf-dist/tex/latex/tools/thp.sty
File: thp.sty 1995/11/23 v2.2c Theorem extension package (FMi)
))
(/usr/local/texlive/2008/texmf-dist/tex/latex/minitoc/minitoc.sty
Package: minitoc 2008/07/16 v60 Package minitoc (JPFD)

(/usr/local/texlive/2008/texmf-dist/tex/latex/minitoc/mtcmess.sty
Package: mtcmess 2006/03/14
)
Package minitoc Info: I0001
(minitoc)             *** minitoc package, version 60 ***.
\tf@mtc=\write3
\mtcindent=\skip50
\mtcskipamount=\skip51
Package minitoc Info: I0005
(minitoc)             compatible with hyperref.
Package minitoc Info: I0023
(minitoc)             part level macros available.
Package minitoc Info: I0004
(minitoc)             chapter level macros NOT available.
Package minitoc Info: I0028
(minitoc)             section level macros available.
\mtc@toks=\toks25
\mtc@strutbox=\box28
\mtc@hstrutbox=\box29
Package minitoc Info: I0002
(minitoc)             Autoconfiguration of extensions.
\openout3 = `documentation.mtc0'.

\openout3 = `documentation.mtc'.


(./documentation.mtc0)
Package minitoc Info: I0012
(minitoc)             Long extensions (Unix-like) will be used.
Package minitoc Info: I0031
(minitoc)             ==> this version is configured for UNIX-like 
(minitoc)                 (long extensions) file names.
\openout3 = `documentation.mtc'.

\openout3 = `documentation.mtc0'.

\c@ptc=\count106
\c@parttocdepth=\count107
\ptcindent=\skip52
\c@stc=\count108
\c@secttocdepth=\count109
\stcindent=\skip53
Package minitoc Info: I0010
(minitoc)             The english language is selected.
(minitoc)              on input line 4910.

(/usr/local/texlive/2008/texmf-dist/tex/latex/minitoc/english.mld
File: english.mld 2006/01/13
)
(/usr/local/texlive/2008/texmf-dist/tex/latex/minitoc/english.mld
File: english.mld 2006/01/13
)
Package minitoc Info: I0010
(minitoc)             The german language is selected.
(minitoc)              on input line 4911.

(/usr/local/texlive/2008/texmf-dist/tex/latex/minitoc/german.mld
File: german.mld 1999/03/16
))
(/usr/local/texlive/2008/texmf-dist/tex/latex/graphics/graphicx.sty
Package: graphicx 1999/02/16 v1.0f Enhanced LaTeX Graphics (DPC,SPQR)

(/usr/local/texlive/2008/texmf-dist/tex/latex/graphics/graphics.sty
Package: graphics 2006/02/20 v1.0o Standard LaTeX Graphics (DPC,SPQR)

(/usr/local/texlive/2008/texmf-dist/tex/latex/graphics/trig.sty
Package: trig 1999/03/16 v1.09 sin cos tan (DPC)
)
(/usr/local/texlive/2008/texmf/tex/latex/config/graphics.cfg
File: graphics.cfg 2007/01/18 v1.5 graphics configuration of teTeX/TeXLive
)
Package graphics Info: Driver file: pdftex.def on input line 90.
)
\Gin@req@height=\dimen117
\Gin@req@width=\dimen118
)
(/usr/local/texlive/2008/texmf-dist/tex/latex/tools/array.sty
Package: array 2005/08/23 v2.4b Tabular extension package (FMi)
\col@sep=\dimen119
\extrarowheight=\dimen120
\NC@list=\toks26
\extratabsurround=\skip54
\backup@length=\skip55
)
(/usr/local/texlive/2008/texmf-dist/tex/latex/cite/cite.sty
LaTeX Info: Redefining \cite on input line 149.
LaTeX Info: Redefining \nocite on input line 214.
Package: cite 2003/11/04  v 4.01
)
(/usr/local/texlive/2008/texmf-dist/tex/latex/psnfss/pifont.sty
Package: pifont 2005/04/12 PSNFSS-v9.2a Pi font support (SPQR) 
LaTeX Font Info:    Try loading font information for U+pzd on input line 63.

(/usr/local/texlive/2008/texmf-dist/tex/latex/psnfss/upzd.fd
File: upzd.fd 2001/06/04 font definitions for U/pzd.
)
LaTeX Font Info:    Try loading font information for U+psy on input line 64.

(/usr/local/texlive/2008/texmf-dist/tex/latex/psnfss/upsy.fd
File: upsy.fd 2001/06/04 font definitions for U/psy.
))
(/usr/local/texlive/2008/texmf-dist/tex/latex/type1cm/type1cm.sty
Package: type1cm 2002/09/05 v0.04 BlueSky/Y&Y Type1 CM font definitions (DPC, p
atched RF)
)
(/usr/local/texlive/2008/texmf-dist/tex/latex/amsfonts/amssymb.sty
Package: amssymb 2002/01/22 v2.2d

(/usr/local/texlive/2008/texmf-dist/tex/latex/amsfonts/amsfonts.sty
Package: amsfonts 2001/10/25 v2.2f
LaTeX Font Info:    Try loading font information for OMX+cmex on input line 76.


(/usr/local/texlive/2008/texmf-dist/tex/latex/base/omxcmex.fd
File: omxcmex.fd 1999/05/25 v2.5h Standard LaTeX font definitions
)
\symAMSa=\mathgroup4
\symAMSb=\mathgroup5
LaTeX Font Info:    Overwriting math alphabet `\mathfrak' in version `bold'
(Font)                  U/euf/m/n --> U/euf/b/n on input line 132.
))
(/usr/local/texlive/2008/texmf-dist/tex/latex/tools/xspace.sty
Package: xspace 2006/05/08 v1.12 Space after command names (DPC,MH)
)
(/usr/local/texlive/2008/texmf-dist/tex/latex/rcs/rcs.sty
Package: rcs 2003/02/02 v2.10 typeset info from RCS fields
\rcsLogIntro=\toks27
)
(/usr/local/texlive/2008/texmf-dist/tex/latex/tools/calc.sty
Package: calc 2005/08/06 v4.2 Infix arithmetic (KKT,FJ)
\calc@Acount=\count110
\calc@Bcount=\count111
\calc@Adimen=\dimen121
\calc@Bdimen=\dimen122
\calc@Askip=\skip56
\calc@Bskip=\skip57
LaTeX Info: Redefining \setlength on input line 75.
LaTeX Info: Redefining \addtolength on input line 76.
\calc@Ccount=\count112
\calc@Cskip=\skip58
)
(/usr/local/texlive/2008/texmf-dist/tex/generic/pstricks/latex/pstricks.sty
Package: pstricks 2008/01/24 v0.37 LaTeX wrapper for `PSTricks' (RN,HV)

(/usr/local/texlive/2008/texmf-dist/tex/generic/pstricks/pstricks.tex
`PSTricks' v1.26  <2008/07/31> (tvz)
\pst@dima=\dimen123
\pst@dimb=\dimen124
\pst@dimc=\dimen125
\pst@dimd=\dimen126
\pst@dimg=\dimen127
\pst@dimh=\dimen128
\pst@hbox=\box30
\pst@boxg=\box31
\pst@cnta=\count113
\pst@cntb=\count114
\pst@cntc=\count115
\pst@cntd=\count116
\pst@cntg=\count117
\pst@cnth=\count118
\pst@toks=\toks28
(/usr/local/texlive/2008/texmf-dist/tex/generic/pstricks/pstricks.con)
\psunit=\dimen129
\psxunit=\dimen130
\psyunit=\dimen131
\pslinewidth=\dimen132
\pst@customdefs=\toks29
\pslinearc=\dimen133
\everypsbox=\toks30
\psframesep=\dimen134
\pslabelsep=\dimen135
\pst@shift=\dimen136
\theoverlaybox=\box32
)
File: pstricks.tex 2008/07/31 v1.26 `PSTricks' (tvz)

(/usr/local/texlive/2008/texmf-dist/tex/latex/xcolor/xcolor.sty
Package: xcolor 2007/01/21 v2.11 LaTeX color extensions (UK)

(/usr/local/texlive/2008/texmf/tex/latex/config/color.cfg
File: color.cfg 2007/01/18 v1.5 color configuration of teTeX/TeXLive
)
Package xcolor Info: Package option `override' ignored on input line 216.
Package xcolor Info: Driver file: pdftex.def on input line 225.
LaTeX Info: Redefining \color on input line 702.
Package xcolor Info: Model `cmy' substituted by `cmy0' on input line 1337.
Package xcolor Info: Model `hsb' substituted by `rgb' on input line 1341.
Package xcolor Info: Model `RGB' extended on input line 1353.
Package xcolor Info: Model `HTML' substituted by `rgb' on input line 1355.
Package xcolor Info: Model `Hsb' substituted by `hsb' on input line 1356.
Package xcolor Info: Model `tHsb' substituted by `hsb' on input line 1357.
Package xcolor Info: Model `HSB' substituted by `hsb' on input line 1358.
Package xcolor Info: Model `Gray' substituted by `gray' on input line 1359.
Package xcolor Info: Model `wave' substituted by `hsb' on input line 1360.
))
(/usr/local/texlive/2008/texmf-dist/tex/generic/pstricks/latex/pst-node.sty
Package: pst-node 2006/01/01 package wrapper for pst-node.tex

(/usr/local/texlive/2008/texmf-dist/tex/generic/pstricks/pst-node.tex
 v1.00, 2007/10/16
\psrow=\count119
\pscol=\count120
\psmatrixcnt=\count121
\psrowsep=\skip59
\pscolsep=\skip60
)
File: pst-node.tex 2007/10/16 1.00 `pst-node' (tvz)
)
(/usr/local/texlive/2008/texmf-dist/tex/latex/caption/caption2.sty
Package: caption2 2007/08/12 v2.2b Customising captions (AS)


Package caption2 Warning: ****************************************************
(caption2)                THIS PACKAGE IS OBSOLETE:
(caption2)                This package attempts to provide an `caption2'
(caption2)                package v2.0/2.1 author environment so that OLD
(caption2)                documents can be successfully processed. It should
(caption2)                NOT be used for NEW documents! New documents should
(caption2)                use the regular `caption' package v3.x instead.
(caption2)                ****************************************************

(/usr/local/texlive/2008/texmf-dist/tex/latex/caption/caption3.sty
Package: caption3 2008/03/20 v3.1h caption3 kernel (AR)
\captionmargin=\dimen137
\captionmargin@=\dimen138
\captionwidth=\dimen139
\caption@indent=\dimen140
\caption@parindent=\dimen141
\caption@hangindent=\dimen142
Package caption Info: Unknown document class (or package),
(caption)             standard defaults will be used on input line 1024.
)
Package caption2 Info: Running in caption2 v2.0 compatibility mode on input lin
e 209.
\captionlinewidth=\dimen143
\realcaptionwidth=\dimen144
)
(/usr/local/texlive/2008/texmf-dist/tex/latex/listings/listings.sty
\lst@mode=\count122
\lst@gtempboxa=\box33
\lst@token=\toks31
\lst@length=\count123
\lst@currlwidth=\dimen145
\lst@column=\count124
\lst@pos=\count125
\lst@lostspace=\dimen146
\lst@width=\dimen147
\lst@newlines=\count126
\lst@lineno=\count127
\lst@maxwidth=\dimen148

(/usr/local/texlive/2008/texmf-dist/tex/latex/listings/lstmisc.sty
File: lstmisc.sty 2007/02/22 1.4 (Carsten Heinz)
\c@lstnumber=\count128
\lst@skipnumbers=\count129
\lst@framebox=\box34
)
(/usr/local/texlive/2008/texmf-dist/tex/latex/listings/listings.cfg
File: listings.cfg 2007/02/22 1.4 listings configuration
))
Package: listings 2007/02/22 1.4 (Carsten Heinz)

(/usr/local/texlive/2008/texmf-dist/tex/latex/rotating/rotating.sty
Package: rotating 2008/06/06 v2.15b rotated objects in LaTeX

(/usr/local/texlive/2008/texmf-dist/tex/latex/base/ifthen.sty
Package: ifthen 2001/05/26 v1.1c Standard LaTeX ifthen package (DPC)
)
\c@r@tfl@t=\count130
\rotFPtop=\skip61
\rotFPbot=\skip62
\rot@float@box=\box35
\rot@mess@toks=\toks32
)
(/usr/local/texlive/2008/texmf-dist/tex/latex/tools/multicol.sty
Package: multicol 2006/05/18 v1.6g multicolumn formatting (FMi)
\c@tracingmulticols=\count131
\mult@box=\box36
\multicol@leftmargin=\dimen149
\c@unbalance=\count132
\c@collectmore=\count133
\doublecol@number=\count134
\multicoltolerance=\count135
\multicolpretolerance=\count136
\full@width=\dimen150
\page@free=\dimen151
\premulticols=\dimen152
\postmulticols=\dimen153
\multicolsep=\skip63
\multicolbaselineskip=\skip64
\partial@page=\box37
\last@line=\box38
\mult@rightbox=\box39
\mult@grightbox=\box40
\mult@gfirstbox=\box41
\mult@firstbox=\box42
\@tempa=\box43
\@tempa=\box44
\@tempa=\box45
\@tempa=\box46
\@tempa=\box47
\@tempa=\box48
\@tempa=\box49
\@tempa=\box50
\@tempa=\box51
\@tempa=\box52
\@tempa=\box53
\@tempa=\box54
\@tempa=\box55
\@tempa=\box56
\@tempa=\box57
\@tempa=\box58
\@tempa=\box59
\c@columnbadness=\count137
\c@finalcolumnbadness=\count138
\last@try=\dimen154
\multicolovershoot=\dimen155
\multicolundershoot=\dimen156
\mult@nat@firstbox=\box60
\colbreak@box=\box61
)
(/usr/local/texlive/2008/texmf-dist/tex/latex/tools/longtable.sty
Package: longtable 2004/02/01 v4.11 Multi-page Table package (DPC)
\LTleft=\skip65
\LTright=\skip66
\LTpre=\skip67
\LTpost=\skip68
\LTchunksize=\count139
\LTcapwidth=\dimen157
\LT@head=\box62
\LT@firsthead=\box63
\LT@foot=\box64
\LT@lastfoot=\box65
\LT@cols=\count140
\LT@rows=\count141
\c@LT@tables=\count142
\c@LT@chunks=\count143
\LT@p@ftn=\toks33
)
(/usr/local/texlive/2008/texmf-dist/tex/latex/listings/lstlang1.sty
File: lstlang1.sty 2004/09/05 1.3 listings language file
)
(/usr/local/texlive/2008/texmf-dist/tex/latex/listings/lstlang1.sty
File: lstlang1.sty 2004/09/05 1.3 listings language file
)
(/usr/local/texlive/2008/texmf-dist/tex/latex/listings/lstmisc.sty
File: lstmisc.sty 2007/02/22 1.4 (Carsten Heinz)
)
(./documentation.aux (./intro.aux) (./graphical.aux) (./tech.aux))
\openout1 = `documentation.aux'.

LaTeX Font Info:    Checking defaults for OML/cmm/m/it on input line 29.
LaTeX Font Info:    ... okay on input line 29.
LaTeX Font Info:    Checking defaults for T1/cmr/m/n on input line 29.
LaTeX Font Info:    ... okay on input line 29.
LaTeX Font Info:    Checking defaults for OT1/cmr/m/n on input line 29.
LaTeX Font Info:    ... okay on input line 29.
LaTeX Font Info:    Checking defaults for OMS/cmsy/m/n on input line 29.
LaTeX Font Info:    ... okay on input line 29.
LaTeX Font Info:    Checking defaults for OMX/cmex/m/n on input line 29.
LaTeX Font Info:    ... okay on input line 29.
LaTeX Font Info:    Checking defaults for U/cmr/m/n on input line 29.
LaTeX Font Info:    ... okay on input line 29.
-------------------- Geometry parameters
paper: a4paper
landscape: --
twocolumn: --
twoside: --
asymmetric: --
h-parts: 89.62709pt, 0.7\paperwidth , 89.6271pt
v-parts: 67.60269pt, 0.8\paperheight , 101.4041pt
hmarginratio: 1:1
vmarginratio: 2:3
lines: --
heightrounded: --
bindingoffset: 0.0pt
truedimen: --
includehead: --
includefoot: --
includemp: --
driver: pdftex
-------------------- Page layout dimensions and switches
\paperwidth  597.50787pt
\paperheight 845.04684pt
\textwidth  418.25368pt
\textheight 676.04005pt
\oddsidemargin  17.3571pt
\evensidemargin 17.3571pt
\topmargin  -41.6673pt
\headheight 12.0pt
\headsep    25.0pt
\footskip   30.0pt
\marginparwidth 35.0pt
\marginparsep   10.0pt
\columnsep  10.0pt
\skip\footins  10.8pt plus 4.0pt minus 2.0pt
\hoffset 0.0pt
\voffset 0.0pt
\mag 1000

(1in=72.27pt, 1cm=28.45pt)
-----------------------

(/usr/local/texlive/2008/texmf-dist/tex/context/base/supp-pdf.tex
[Loading MPS to PDF converter (version 2006.09.02).]
\scratchcounter=\count144
\scratchdimen=\dimen158
\scratchbox=\box66
\nofMPsegments=\count145
\nofMParguments=\count146
\everyMPshowfont=\toks34
\MPscratchCnt=\count147
\MPscratchDim=\dimen159
\MPnumerator=\count148
\everyMPtoPDFconversion=\toks35
)
Package minitoc(hints) Info: I0049
(minitoc(hints))             ==> You requested the hints option. 
(minitoc(hints))             Some hints are eventually given below.
Package caption Info: Begin \AtBeginDocument code.
Package caption Info: End \AtBeginDocument code.
\c@lstlisting=\count149
 [1
Non-PDF special ignored!
Non-PDF special ignored!
Non-PDF special ignored!
Non-PDF special ignored!

{/usr/local/texlive/2008/texmf-var/fonts/map/pdftex/updmap/pdftex.map}] (./docu
mentation.toc
LaTeX Font Info:    External font `cmex10' loaded for size
(Font)              <12> on input line 2.
LaTeX Font Info:    External font `cmex10' loaded for size
(Font)              <8> on input line 2.
LaTeX Font Info:    External font `cmex10' loaded for size
(Font)              <6> on input line 2.

Overfull \hbox (26.0696pt too wide) in paragraph at lines 17--17
 [][] []\OT1/cmr/m/n/12 bool Main-Win-dow-Class::eventFilter( QOb-ject $\OMS/cm
sy/m/n/12 ^^C$ \OT1/cmr/m/n/12 watched, QEvent 
 []


Overfull \hbox (4.67278pt too wide) in paragraph at lines 19--19
 [][] [] \OT1/cmr/m/n/12 void Main-Win-dow-Class::on[]actionOpenFile[]triggered
() [slot] 
 []


Underfull \hbox (badness 10000) in paragraph at lines 19--19
 [][]  
 []


Overfull \hbox (13.56825pt too wide) in paragraph at lines 20--20
 [][] []\OT1/cmr/m/n/12 void Main-Win-dow-Class::setValuesByMethod(QString meth
od) 
 []


Underfull \hbox (badness 10000) in paragraph at lines 20--20
 [][]  
 []

)
\tf@toc=\write4
\openout4 = `documentation.toc'.

 [2]
\openout2 = `intro.aux'.

 (./intro.tex [3


] [4] <example.jpg, id=23, 85.35826pt x 64.0187pt>
File: example.jpg Graphic file (type jpg)

<use example.jpg>) [5] [6 <./example.jpg>]
\openout2 = `graphical.aux'.

 (./graphical.tex
<ui.png, id=32, 1190.4475pt x 756.8275pt>
File: ui.png Graphic file (type png)
 <use ui.png>
<diagram.jpg, id=34, 591.20876pt x 684.5575pt>
File: diagram.jpg Graphic file (type jpg)
 <use diagram.jpg> [7


] [8 <./ui.png>] [9 <./diagram.jpg>] <top.jpg, id=46, 170.71654pt x 128.0374pt>
File: top.jpg Graphic file (type jpg)

<use top.jpg> <down.jpg, id=47, 170.71654pt x 128.0374pt>
File: down.jpg Graphic file (type jpg)
 <use down.jpg>
<topdown.jpg, id=48, 170.71654pt x 128.0374pt>
File: topdown.jpg Graphic file (type jpg)
 <use topdown.jpg>
<right.jpg, id=49, 170.71654pt x 128.0374pt>
File: right.jpg Graphic file (type jpg)
 <use right.jpg>
<left.jpg, id=50, 170.71654pt x 128.0374pt>
File: left.jpg Graphic file (type jpg)
 <use left.jpg>
<rightleft.jpg, id=51, 170.71654pt x 128.0374pt>
File: rightleft.jpg Graphic file (type jpg)
 <use rightleft.jpg>
Underfull \hbox (badness 10000) in paragraph at lines 82--85

 []

[10 <./top.jpg>] [11 <./down.jpg> <./topdown.jpg>] [12 <./right.jpg> <./left.jp
g>] [13 <./rightleft.jpg>]) [14]
\openout2 = `tech.aux'.

 (./tech.tex
Underfull \hbox (badness 10000) in paragraph at lines 21--23

 []

[15


]
Underfull \hbox (badness 10000) in paragraph at lines 30--31

 []


Underfull \hbox (badness 10000) in paragraph at lines 50--52

 []

[16] [17]
LaTeX Font Info:    Font shape `OML/cmr/m/n' in size <12> not available
(Font)              Font shape `OML/cmm/m/it' tried instead on input line 63.
 [18] [19] [20]) (./documentation.bbl
Underfull \hbox (badness 10000) in paragraph at lines 33--36
[]\OT1/cmr/m/n/12 Corperation, N.  ``Qt on-line doc-u-men-ta-tion''.
 []


Underfull \hbox (badness 10000) in paragraph at lines 38--41
[]\OT1/cmr/m/n/12 Cooperation, N.  ``Open-Suse is a Linux dis-tri-bu-tion''.
 []

)
Package minitoc Info: I0009
(minitoc)             Listing minitoc auxiliary files. 
(minitoc)             Creating the documentation.maf file.
\openout3 = `documentation.maf'.



Package minitoc(hints) Warning: W0034
(minitoc(hints))                The caption2 package should be 
(minitoc(hints))                loaded BEFORE the minitoc package.


Package minitoc(hints) Warning: W0024
(minitoc(hints))                Some hints have been written 
(minitoc(hints))                in the documentation.log file.

[21

] (./documentation.aux (./intro.aux) (./graphical.aux) (./tech.aux)) ) 
Here is how much of TeX's memory you used:
 9361 strings out of 493886
 122498 string characters out of 1151098
 272474 words of memory out of 3000000
 12250 multiletter control sequences out of 10000+50000
 12299 words of font info for 44 fonts, out of 3000000 for 5000
 714 hyphenation exceptions out of 8191
 36i,14n,58p,761b,1124s stack positions out of 5000i,500n,10000p,200000b,50000s
</usr/loc
al/texlive/2008/texmf-dist/fonts/type1/bluesky/cm/cmbx12.pfb></usr/local/texliv
e/2008/texmf-dist/fonts/type1/bluesky/cm/cmex10.pfb></usr/local/texlive/2008/te
xmf-dist/fonts/type1/bluesky/cm/cmmi12.pfb></usr/local/texlive/2008/texmf-dist/
fonts/type1/bluesky/cm/cmmi8.pfb></usr/local/texlive/2008/texmf-dist/fonts/type
1/bluesky/cm/cmr10.pfb></usr/local/texlive/2008/texmf-dist/fonts/type1/bluesky/
cm/cmr12.pfb></usr/local/texlive/2008/texmf-dist/fonts/type1/bluesky/cm/cmr17.p
fb></usr/local/texlive/2008/texmf-dist/fonts/type1/bluesky/cm/cmr6.pfb></usr/lo
cal/texlive/2008/texmf-dist/fonts/type1/bluesky/cm/cmr8.pfb></usr/local/texlive
/2008/texmf-dist/fonts/type1/bluesky/cm/cmssbx10.pfb></usr/local/texlive/2008/t
exmf-dist/fonts/type1/bluesky/cm/cmsy10.pfb></usr/local/texlive/2008/texmf-dist
/fonts/type1/bluesky/cm/cmsy8.pfb></usr/local/texlive/2008/texmf-dist/fonts/typ
e1/bluesky/cm/cmti10.pfb></usr/local/texlive/2008/texmf-dist/fonts/type1/bluesk
y/cm/cmti12.pfb>
Output written on documentation.pdf (21 pages, 1097505 bytes).
PDF statistics:
 137 PDF objects out of 1000 (max. 8388607)
 0 named destinations out of 1000 (max. 131072)
 46 words of extra memory for PDF output out of 10000 (max. 10000000)

